<?xml version="1.0" encoding="UTF-8"?>
<!-- Generated by org.testng.reporters.JUnitXMLReporter -->
<testsuite ignored="5" hostname="DESKTOP-D84TOFF" failures="0" tests="3" name="Test" time="0.115" errors="0" timestamp="16 Apr 2023 04:30:26 GMT">
  <testcase classname="testCases.HomeLoanTest" name="test2" time="0.012"/>
  <testcase classname="testCases.CreditCardTest" name="test4" time="0.005"/>
  <testcase classname="testCases.HomeLoanTest" name="test1" time="0.009"/>
  <testcase classname="testCases.CarLoanTest" name="test3" time="0.0">
    <ignored/>
  </testcase> <!-- test3 -->
  <testcase classname="testCases.BaseClass" name="@BeforeTest method3" time="0.0">
    <ignored/>
  </testcase> <!-- @BeforeTest method3 -->
  <testcase classname="testCases.BaseClass" name="@BeforeTest method3" time="0.0">
    <ignored/>
  </testcase> <!-- @BeforeTest method3 -->
  <testcase classname="testCases.BaseClass" name="@AfterTest method4" time="0.0">
    <ignored/>
  </testcase> <!-- @AfterTest method4 -->
  <testcase classname="testCases.BaseClass" name="@AfterTest method4" time="0.0">
    <ignored/>
  </testcase> <!-- @AfterTest method4 -->
</testsuite> <!-- Test -->
