<?xml version="1.0" encoding="UTF-8"?>
<!-- Generated by org.testng.reporters.JUnitXMLReporter -->
<testsuite hostname="DESKTOP-D84TOFF" ignored="5" name="Test" tests="3" failures="0" timestamp="16 Apr 2023 04:55:38 GMT" time="0.101" errors="0">
  <testcase name="test2" time="0.002" classname="testCases.HomeLoanTest"/>
  <testcase name="test4" time="0.001" classname="testCases.CreditCardTest"/>
  <testcase name="test1" time="0.001" classname="testCases.HomeLoanTest"/>
  <testcase name="test3" time="0.0" classname="testCases.CarLoanTest">
    <ignored/>
  </testcase> <!-- test3 -->
  <testcase name="@BeforeTest method3" time="0.0" classname="testCases.BaseClass">
    <ignored/>
  </testcase> <!-- @BeforeTest method3 -->
  <testcase name="@BeforeTest method3" time="0.0" classname="testCases.BaseClass">
    <ignored/>
  </testcase> <!-- @BeforeTest method3 -->
  <testcase name="@AfterTest method4" time="0.0" classname="testCases.BaseClass">
    <ignored/>
  </testcase> <!-- @AfterTest method4 -->
  <testcase name="@AfterTest method4" time="0.0" classname="testCases.BaseClass">
    <ignored/>
  </testcase> <!-- @AfterTest method4 -->
</testsuite> <!-- Test -->
