<?xml version="1.0" encoding="UTF-8"?>
<testng-results skipped="0" failed="0" ignored="5" total="8" passed="3">
  <reporter-output>
  </reporter-output>
  <suite name="Suite" duration-ms="101" started-at="2023-04-16T04:55:38Z" finished-at="2023-04-16T04:55:38Z">
    <groups>
      <group name="regression">
        <method signature="HomeLoanTest.test2()[pri:0, instance:testCases.HomeLoanTest@3a079870]" name="test2" class="testCases.HomeLoanTest"/>
      </group> <!-- regression -->
      <group name="sanity">
        <method signature="CreditCardTest.test4()[pri:0, instance:testCases.CreditCardTest@6156496]" name="test4" class="testCases.CreditCardTest"/>
        <method signature="HomeLoanTest.test2()[pri:0, instance:testCases.HomeLoanTest@3a079870]" name="test2" class="testCases.HomeLoanTest"/>
        <method signature="HomeLoanTest.test1()[pri:0, instance:testCases.HomeLoanTest@3a079870]" name="test1" class="testCases.HomeLoanTest"/>
      </group> <!-- sanity -->
    </groups>
    <test name="Test" duration-ms="101" started-at="2023-04-16T04:55:38Z" finished-at="2023-04-16T04:55:38Z">
      <class name="testCases.HomeLoanTest">
        <test-method status="PASS" signature="method3()[pri:0, instance:testCases.HomeLoanTest@3a079870]" name="method3" is-config="true" duration-ms="27" started-at="2023-04-16T04:55:38Z" finished-at="2023-04-16T04:55:38Z">
          <reporter-output>
          </reporter-output>
        </test-method> <!-- method3 -->
        <test-method status="PASS" signature="method1()[pri:0, instance:testCases.HomeLoanTest@3a079870]" name="method1" is-config="true" duration-ms="1" started-at="2023-04-16T04:55:38Z" finished-at="2023-04-16T04:55:38Z">
          <reporter-output>
          </reporter-output>
        </test-method> <!-- method1 -->
        <test-method status="PASS" signature="test2()[pri:0, instance:testCases.HomeLoanTest@3a079870]" name="test2" duration-ms="2" started-at="2023-04-16T04:55:38Z" finished-at="2023-04-16T04:55:38Z">
          <reporter-output>
          </reporter-output>
        </test-method> <!-- test2 -->
        <test-method status="PASS" signature="method2()[pri:0, instance:testCases.HomeLoanTest@3a079870]" name="method2" is-config="true" duration-ms="2" started-at="2023-04-16T04:55:38Z" finished-at="2023-04-16T04:55:38Z">
          <reporter-output>
          </reporter-output>
        </test-method> <!-- method2 -->
        <test-method status="PASS" signature="method1()[pri:0, instance:testCases.HomeLoanTest@3a079870]" name="method1" is-config="true" duration-ms="0" started-at="2023-04-16T04:55:38Z" finished-at="2023-04-16T04:55:38Z">
          <reporter-output>
          </reporter-output>
        </test-method> <!-- method1 -->
        <test-method status="PASS" signature="test1()[pri:0, instance:testCases.HomeLoanTest@3a079870]" name="test1" duration-ms="1" started-at="2023-04-16T04:55:38Z" depends-on-methods="testCases.HomeLoanTest.test2" finished-at="2023-04-16T04:55:38Z">
          <reporter-output>
          </reporter-output>
        </test-method> <!-- test1 -->
        <test-method status="PASS" signature="method2()[pri:0, instance:testCases.HomeLoanTest@3a079870]" name="method2" is-config="true" duration-ms="1" started-at="2023-04-16T04:55:38Z" finished-at="2023-04-16T04:55:38Z">
          <reporter-output>
          </reporter-output>
        </test-method> <!-- method2 -->
        <test-method status="PASS" signature="method4()[pri:0, instance:testCases.HomeLoanTest@3a079870]" name="method4" is-config="true" duration-ms="1" started-at="2023-04-16T04:55:38Z" finished-at="2023-04-16T04:55:38Z">
          <reporter-output>
          </reporter-output>
        </test-method> <!-- method4 -->
      </class> <!-- testCases.HomeLoanTest -->
      <class name="testCases.CreditCardTest">
        <test-method status="PASS" signature="method1()[pri:0, instance:testCases.CreditCardTest@6156496]" name="method1" is-config="true" duration-ms="1" started-at="2023-04-16T04:55:38Z" finished-at="2023-04-16T04:55:38Z">
          <reporter-output>
          </reporter-output>
        </test-method> <!-- method1 -->
        <test-method status="PASS" signature="test4()[pri:0, instance:testCases.CreditCardTest@6156496]" name="test4" duration-ms="1" started-at="2023-04-16T04:55:38Z" finished-at="2023-04-16T04:55:38Z">
          <reporter-output>
          </reporter-output>
        </test-method> <!-- test4 -->
        <test-method status="PASS" signature="method2()[pri:0, instance:testCases.CreditCardTest@6156496]" name="method2" is-config="true" duration-ms="0" started-at="2023-04-16T04:55:38Z" finished-at="2023-04-16T04:55:38Z">
          <reporter-output>
          </reporter-output>
        </test-method> <!-- method2 -->
      </class> <!-- testCases.CreditCardTest -->
    </test> <!-- Test -->
  </suite> <!-- Suite -->
</testng-results>
